================================================================
IT CLEANUP-SAFE — 20260713-181924
================================================================

Freier Speicher VORHER: 141 MiB

--- Homebrew-Paketcache ---
  [OK] brew cleanup: 

--- App-Caches ---
  [SKIP] nicht vorhanden: MediathekView-Cache
  [SKIP] nicht vorhanden: IINA-Videoplayer-Cache
  [SKIP] nicht vorhanden: pip-Paketcache
  [SKIP] nicht vorhanden: Cleanup-At-Startup (Waisendateien)

--- System-Logs ---
  [SKIP] System-Logs werden nicht pauschal geloescht; nur gezielte App-Logs manuell pruefen

--- Pruefe: Homebrew tmp .cellar ---
  [SKIP] nicht vorhanden: Homebrew tmp cellar

================================================================
ERGEBNIS
  Freier Speicher VORHER: 141 MiB
  Freier Speicher NACHHER: 141 MiB
  Delta: +-32 KiB freigegeben
  (APFS gibt weitere Bloecke beim naechsten TM-Snapshot-Ablauf frei)
================================================================

Protokoll gespeichert: /Users/volkertippmann/dev/projects/RennsteigFINANZ/recovery/cleanup-20260713-181924.log

MANUELLE SCHRITTE (nicht automatisierbar):
  - Telegram: App oeffnen → Einstellungen → Lokaler Speicher → Cache leeren + Limit 500 MB setzen
  - DEVONthink: App → Einstellungen → Backup-Retention pruefen
  - adb: 'pgrep -f adb' pruefen; falls aktiv: Login-Items auf Verursacher pruefen
